MIF/HEX Update report for DE2Bot
Tue Oct 27 20:52:49 2015
Quartus II Version 9.1 Build 350 03/24/2010 Service Pack 2 SJ Full Version


---------------------
; Table of Contents ;
---------------------
  1. Legal Notice
  2. MIF/HEX Update Summary
  3. MIF/HEX Update Processed Files
  4. MIF/HEX Update Messages



----------------
; Legal Notice ;
----------------
Copyright (C) 1991-2010 Altera Corporation
Your use of Altera Corporation's design tools, logic functions 
and other software and tools, and its AMPP partner logic 
functions, and any output files from any of the foregoing 
(including device programming or simulation files), and any 
associated documentation or information are expressly subject 
to the terms and conditions of the Altera Program License 
Subscription Agreement, Altera MegaCore Function License 
Agreement, or other applicable license agreement, including, 
without limitation, that your use is for the sole purpose of 
programming logic devices manufactured by Altera and sold by 
Altera or its authorized distributors.  Please refer to the 
applicable agreement for further details.



+---------------------------------------------------------------+
; MIF/HEX Update Summary                                        ;
+-----------------------+---------------------------------------+
; MIF/HEX Update Status ; Successful - Tue Oct 27 20:52:49 2015 ;
; Revision Name         ; DE2Bot                                ;
; Top-level Entity Name ; DE2bot                                ;
; Family                ; Cyclone II                            ;
; Device                ; EP2C35F672C6                          ;
+-----------------------+---------------------------------------+


+----------------------------------------------------------------------------+
; MIF/HEX Update Processed Files                                             ;
+----------------------------------------------------------------------------+
; File Name                                                                  ;
+----------------------------------------------------------------------------+
; C:/startofProject/DE2Bot_v3_Fall15/DE2Bot_v3_Fall15/SimpleRobotProgram.mif ;
; C:/startofProject/DE2Bot_v3_Fall15/DE2Bot_v3_Fall15/cos_table.mif          ;
; C:/startofProject/DE2Bot_v3_Fall15/DE2Bot_v3_Fall15/sin_table.mif          ;
; C:/startofProject/DE2Bot_v3_Fall15/DE2Bot_v3_Fall15/sound.mif              ;
+----------------------------------------------------------------------------+


+-------------------------+
; MIF/HEX Update Messages ;
+-------------------------+
Info: *******************************************************************
Info: Running Quartus II MIF/HEX Update
    Info: Version 9.1 Build 350 03/24/2010 Service Pack 2 SJ Full Version
    Info: Processing started: Tue Oct 27 20:52:48 2015
Info: Command: quartus_cdb DE2Bot -c DE2Bot --update_mif
Warning: 184 out of 2048 addresses are reinitialized. The latest initialized data will replace the existing data. There are 184 warnings found, and 10 warnings are reported.
    Warning: Memory Initialization File address 0 is reinitialized
    Warning: Memory Initialization File address 1 is reinitialized
    Warning: Memory Initialization File address 2 is reinitialized
    Warning: Memory Initialization File address 3 is reinitialized
    Warning: Memory Initialization File address 4 is reinitialized
    Warning: Memory Initialization File address 5 is reinitialized
    Warning: Memory Initialization File address 6 is reinitialized
    Warning: Memory Initialization File address 7 is reinitialized
    Warning: Memory Initialization File address 8 is reinitialized
    Warning: Memory Initialization File address 9 is reinitialized
Info: Processed the following Memory Initialization File(s)
    Info: Processed Memory Initialization File C:/startofProject/DE2Bot_v3_Fall15/DE2Bot_v3_Fall15/SimpleRobotProgram.mif
    Info: Processed Memory Initialization File C:/startofProject/DE2Bot_v3_Fall15/DE2Bot_v3_Fall15/cos_table.mif
    Info: Processed Memory Initialization File C:/startofProject/DE2Bot_v3_Fall15/DE2Bot_v3_Fall15/sin_table.mif
    Info: Processed Memory Initialization File C:/startofProject/DE2Bot_v3_Fall15/DE2Bot_v3_Fall15/sound.mif
Info: Quartus II MIF/HEX Update was successful. 0 errors, 11 warnings
    Info: Peak virtual memory: 228 megabytes
    Info: Processing ended: Tue Oct 27 20:52:49 2015
    Info: Elapsed time: 00:00:01
    Info: Total CPU time (on all processors): 00:00:02


