Assembler report for DE2Bot
<<<<<<< HEAD
Wed Nov 18 20:14:14 2015
=======
Tue Nov 17 19:01:54 2015
>>>>>>> 3d5e6ce5fbc890ccf73d97d28cb76e1235bae5f1
Quartus II Version 9.1 Build 350 03/24/2010 Service Pack 2 SJ Web Edition


---------------------
; Table of Contents ;
---------------------
  1. Legal Notice
  2. Assembler Summary
  3. Assembler Settings
  4. Assembler Generated Files
  5. Assembler Device Options: C:/Users/Millun/Documents/Firmly-Grasp-It/DE2Bot_v3_Fall15/DE2Bot.sof
  6. Assembler Device Options: C:/Users/Millun/Documents/Firmly-Grasp-It/DE2Bot_v3_Fall15/DE2Bot.pof
  7. Assembler Messages



----------------
; Legal Notice ;
----------------
Copyright (C) 1991-2010 Altera Corporation
Your use of Altera Corporation's design tools, logic functions 
and other software and tools, and its AMPP partner logic 
functions, and any output files from any of the foregoing 
(including device programming or simulation files), and any 
associated documentation or information are expressly subject 
to the terms and conditions of the Altera Program License 
Subscription Agreement, Altera MegaCore Function License 
Agreement, or other applicable license agreement, including, 
without limitation, that your use is for the sole purpose of 
programming logic devices manufactured by Altera and sold by 
Altera or its authorized distributors.  Please refer to the 
applicable agreement for further details.



+---------------------------------------------------------------+
; Assembler Summary                                             ;
+-----------------------+---------------------------------------+
<<<<<<< HEAD
; Assembler Status      ; Successful - Wed Nov 18 20:14:14 2015 ;
=======
; Assembler Status      ; Successful - Tue Nov 17 19:01:54 2015 ;
>>>>>>> 3d5e6ce5fbc890ccf73d97d28cb76e1235bae5f1
; Revision Name         ; DE2Bot                                ;
; Top-level Entity Name ; DE2bot                                ;
; Family                ; Cyclone II                            ;
; Device                ; EP2C35F672C6                          ;
+-----------------------+---------------------------------------+


+--------------------------------------------------------------------------------------------------------+
; Assembler Settings                                                                                     ;
+-----------------------------------------------------------------------------+----------+---------------+
; Option                                                                      ; Setting  ; Default Value ;
+-----------------------------------------------------------------------------+----------+---------------+
; Use smart compilation                                                       ; On       ; Off           ;
; Configuration device                                                        ; Epcs16   ; Auto          ;
; Enable parallel Assembler and TimeQuest Timing Analyzer during compilation  ; On       ; On            ;
; Enable compact report table                                                 ; Off      ; Off           ;
; Generate compressed bitstreams                                              ; On       ; On            ;
; Compression mode                                                            ; Off      ; Off           ;
; Clock source for configuration device                                       ; Internal ; Internal      ;
; Clock frequency of the configuration device                                 ; 10 MHZ   ; 10 MHz        ;
; Divide clock frequency by                                                   ; 1        ; 1             ;
; Auto user code                                                              ; Off      ; Off           ;
; Use configuration device                                                    ; On       ; On            ;
; Configuration device auto user code                                         ; Off      ; Off           ;
; Generate Tabular Text File (.ttf) For Target Device                         ; Off      ; Off           ;
; Generate Raw Binary File (.rbf) For Target Device                           ; Off      ; Off           ;
; Generate Hexadecimal (Intel-Format) Output File (.hexout) for Target Device ; Off      ; Off           ;
; Hexadecimal Output File start address                                       ; 0        ; 0             ;
; Hexadecimal Output File count direction                                     ; Up       ; Up            ;
; Release clears before tri-states                                            ; Off      ; Off           ;
; Auto-restart configuration after error                                      ; On       ; On            ;
; Maintain Compatibility with All Cyclone II M4K Versions                     ; On       ; On            ;
; Generate Serial Vector Format File (.svf) for Target Device                 ; Off      ; Off           ;
; Generate a JEDEC STAPL Format File (.jam) for Target Device                 ; Off      ; Off           ;
; Generate a compressed Jam STAPL Byte Code 2.0 File (.jbc) for Target Device ; Off      ; Off           ;
; Generate a compressed Jam STAPL Byte Code 2.0 File (.jbc) for Target Device ; On       ; On            ;
+-----------------------------------------------------------------------------+----------+---------------+


+-----------------------------------------------------------------------+
; Assembler Generated Files                                             ;
+-----------------------------------------------------------------------+
; File Name                                                             ;
+-----------------------------------------------------------------------+
; C:/Users/Millun/Documents/Firmly-Grasp-It/DE2Bot_v3_Fall15/DE2Bot.sof ;
; C:/Users/Millun/Documents/Firmly-Grasp-It/DE2Bot_v3_Fall15/DE2Bot.pof ;
+-----------------------------------------------------------------------+


<<<<<<< HEAD
+-----------------------------------------------------------------------------------------------+
; Assembler Device Options: C:/Users/nick/Documents/Firmly-Grasp-It/DE2Bot_v3_Fall15/DE2Bot.sof ;
+----------------+------------------------------------------------------------------------------+
; Option         ; Setting                                                                      ;
+----------------+------------------------------------------------------------------------------+
; Device         ; EP2C35F672C6                                                                 ;
; JTAG usercode  ; 0xFFFFFFFF                                                                   ;
; Checksum       ; 0x007023EF                                                                   ;
+----------------+------------------------------------------------------------------------------+


+-----------------------------------------------------------------------------------------------+
; Assembler Device Options: C:/Users/nick/Documents/Firmly-Grasp-It/DE2Bot_v3_Fall15/DE2Bot.pof ;
+--------------------+--------------------------------------------------------------------------+
; Option             ; Setting                                                                  ;
+--------------------+--------------------------------------------------------------------------+
; Device             ; EPCS16                                                                   ;
; JTAG usercode      ; 0x00000000                                                               ;
; Checksum           ; 0x1C059D48                                                               ;
; Compression Ratio  ; 2                                                                        ;
+--------------------+--------------------------------------------------------------------------+
=======
+-------------------------------------------------------------------------------------------------+
; Assembler Device Options: C:/Users/Millun/Documents/Firmly-Grasp-It/DE2Bot_v3_Fall15/DE2Bot.sof ;
+----------------+--------------------------------------------------------------------------------+
; Option         ; Setting                                                                        ;
+----------------+--------------------------------------------------------------------------------+
; Device         ; EP2C35F672C6                                                                   ;
; JTAG usercode  ; 0xFFFFFFFF                                                                     ;
; Checksum       ; 0x007036F0                                                                     ;
+----------------+--------------------------------------------------------------------------------+


+-------------------------------------------------------------------------------------------------+
; Assembler Device Options: C:/Users/Millun/Documents/Firmly-Grasp-It/DE2Bot_v3_Fall15/DE2Bot.pof ;
+--------------------+----------------------------------------------------------------------------+
; Option             ; Setting                                                                    ;
+--------------------+----------------------------------------------------------------------------+
; Device             ; EPCS16                                                                     ;
; JTAG usercode      ; 0x00000000                                                                 ;
; Checksum           ; 0x1C055E09                                                                 ;
; Compression Ratio  ; 2                                                                          ;
+--------------------+----------------------------------------------------------------------------+
>>>>>>> 3d5e6ce5fbc890ccf73d97d28cb76e1235bae5f1


+--------------------+
; Assembler Messages ;
+--------------------+
Info: *******************************************************************
Info: Running Quartus II Assembler
    Info: Version 9.1 Build 350 03/24/2010 Service Pack 2 SJ Web Edition
<<<<<<< HEAD
    Info: Processing started: Wed Nov 18 20:14:12 2015
=======
    Info: Processing started: Tue Nov 17 19:01:45 2015
>>>>>>> 3d5e6ce5fbc890ccf73d97d28cb76e1235bae5f1
Info: Command: quartus_asm --read_settings_files=on --write_settings_files=off DE2Bot -c DE2Bot
Info: Writing out detailed assembly data for power analysis
Info: Assembler is generating device programming files
Info: Quartus II Assembler was successful. 0 errors, 0 warnings
<<<<<<< HEAD
    Info: Peak virtual memory: 280 megabytes
    Info: Processing ended: Wed Nov 18 20:14:14 2015
    Info: Elapsed time: 00:00:02
    Info: Total CPU time (on all processors): 00:00:02
=======
    Info: Peak virtual memory: 263 megabytes
    Info: Processing ended: Tue Nov 17 19:01:55 2015
    Info: Elapsed time: 00:00:10
    Info: Total CPU time (on all processors): 00:00:10
>>>>>>> 3d5e6ce5fbc890ccf73d97d28cb76e1235bae5f1


